<?xml version="1.0" encoding="UTF-8"?>
<testng-results skipped="0" failed="0" ignored="0" total="1" passed="1">
  <reporter-output>
  </reporter-output>
  <suite name="Default suite" duration-ms="46029" started-at="2017-02-24T09:08:49Z" finished-at="2017-02-24T09:09:35Z">
    <groups>
    </groups>
    <test name="Default test" duration-ms="46029" started-at="2017-02-24T09:08:49Z" finished-at="2017-02-24T09:09:35Z">
      <class name="test_suite.demoTest">
        <test-method status="PASS" signature="setUp()[pri:0, instance:test_suite.demoTest@68c4039c]" name="setUp" is-config="true" duration-ms="11940" started-at="2017-02-24T17:08:49Z" finished-at="2017-02-24T17:09:01Z">
          <reporter-output>
          </reporter-output>
        </test-method> <!-- setUp -->
        <test-method status="PASS" signature="testEasy()[pri:0, instance:test_suite.demoTest@68c4039c]" name="testEasy" duration-ms="32382" started-at="2017-02-24T17:09:01Z" finished-at="2017-02-24T17:09:33Z">
          <reporter-output>
          </reporter-output>
        </test-method> <!-- testEasy -->
        <test-method status="PASS" signature="afterTest()[pri:0, instance:test_suite.demoTest@68c4039c]" name="afterTest" is-config="true" duration-ms="1692" started-at="2017-02-24T17:09:33Z" finished-at="2017-02-24T17:09:35Z">
          <reporter-output>
          </reporter-output>
        </test-method> <!-- afterTest -->
      </class> <!-- test_suite.demoTest -->
    </test> <!-- Default test -->
  </suite> <!-- Default suite -->
</testng-results>
